<?xml version="1.0" encoding="UTF-8"?>
<!-- Generated by org.testng.reporters.JUnitReportReporter -->
<testsuite hostname="DESKTOP-2SJV0LG" failures="0" tests="12" name="testcases.ConnectorsTest" time="355.932" errors="0" timestamp="2022-12-17T12:48:51 IST" skipped="0">
  <testcase classname="testcases.ConnectorsTest" name="connectionSaveApi" time="37.857"/>
  <system-out/>
  <testcase classname="testcases.ConnectorsTest" name="connectionTestApi" time="52.380"/>
  <system-out/>
  <testcase classname="testcases.ConnectorsTest" name="connectionTestApi" time="17.560"/>
  <system-out/>
  <testcase classname="testcases.ConnectorsTest" name="connectionSaveApi" time="37.020"/>
  <system-out/>
  <testcase classname="testcases.ConnectorsTest" name="connectionAddApi" time="52.307"/>
  <system-out/>
  <testcase classname="testcases.ConnectorsTest" name="connectionAddApi" time="16.276"/>
  <system-out/>
  <testcase classname="testcases.ConnectorsTest" name="connectionTest" time="24.762"/>
  <system-out/>
  <testcase classname="testcases.ConnectorsTest" name="connectionTest" time="20.161"/>
  <system-out/>
  <testcase classname="testcases.ConnectorsTest" name="saveConnection" time="35.650"/>
  <system-out/>
  <testcase classname="testcases.ConnectorsTest" name="saveConnection" time="21.184"/>
  <system-out/>
  <testcase classname="testcases.ConnectorsTest" name="addQuery" time="19.339"/>
  <system-out/>
  <testcase classname="testcases.ConnectorsTest" name="addQuery" time="21.436"/>
  <system-out/>
</testsuite> <!-- testcases.ConnectorsTest -->
